<?xml version="1.0" encoding="UTF-8"?>
<!-- Generated by org.testng.reporters.JUnitReportReporter -->
<testsuite hostname="LAPTOP-82MTS776" failures="0" tests="2" name="org.sdet40.TestNGpractice.testNGTest1" time="0.009" errors="0" timestamp="2022-09-09T10:15:06 IST" skipped="0">
  <testcase classname="org.sdet40.TestNGpractice.testNGTest1" name="testCase1" time="0.008"/>
  <system-out/>
  <testcase classname="org.sdet40.TestNGpractice.testNGTest1" name="testCase2" time="0.001"/>
  <system-out/>
</testsuite> <!-- org.sdet40.TestNGpractice.testNGTest1 -->
