<?xml version="1.0" encoding="UTF-8"?>
<!-- Generated by org.testng.reporters.JUnitReportReporter -->
<testsuite hostname="LAPTOP-82MTS776" failures="0" tests="1" name="org.sdet40.TestNGpractice.TestNGDemo" time="0.011" errors="0" timestamp="2022-09-09T08:25:47 IST" skipped="0">
  <testcase classname="org.sdet40.TestNGpractice.TestNGDemo" name="testDemo" time="0.011"/>
  <system-out>
    <![CDATA[Welcome to TestNG]]>
  </system-out>
</testsuite> <!-- org.sdet40.TestNGpractice.TestNGDemo -->
