<?xml version="1.0" encoding="UTF-8"?>
<!-- Generated by org.testng.reporters.JUnitReportReporter -->
<testsuite hostname="LAPTOP-82MTS776" failures="0" tests="2" name="org.sdet40.TestNGpractice.TestNGDemo1" time="0.010" errors="0" timestamp="2022-09-14T16:51:49 IST" skipped="0">
  <testcase classname="org.sdet40.TestNGpractice.TestNGDemo1" name="createUser1" time="0.008"/>
  <system-out>
    <![CDATA[class2--> script2]]>
  </system-out>
  <testcase classname="org.sdet40.TestNGpractice.TestNGDemo1" name="createUser" time="0.002"/>
  <system-out>
    <![CDATA[class1--> script1]]>
  </system-out>
</testsuite> <!-- org.sdet40.TestNGpractice.TestNGDemo1 -->
